<?xml version="1.0" encoding="UTF-8"?>
<testng-results ignored="0" total="4" passed="3" failed="1" skipped="0">
  <reporter-output>
  </reporter-output>
  <suite started-at="2026-08-25T20:34:54 IST" name="Grouping" finished-at="2026-08-25T20:38:59 IST" duration-ms="245271">
    <groups>
      <group name="Regression">
        <method signature="CategoryTest.Category()[pri:0, instance:testcase.CategoryTest@14dd9eb7]" name="Category" class="testcase.CategoryTest"/>
        <method signature="LoginTest.verifyuserisabletoLoginWithValidCreditional()[pri:0, instance:testcase.LoginTest@619713e5]" name="verifyuserisabletoLoginWithValidCreditional" class="testcase.LoginTest"/>
        <method signature="ManageLocationTest.ManageLocation()[pri:0, instance:testcase.ManageLocationTest@52e6fdee]" name="ManageLocation" class="testcase.ManageLocationTest"/>
        <method signature="ManageNewsTest.ManageNews()[pri:0, instance:testcase.ManageNewsTest@1d9b7cce]" name="ManageNews" class="testcase.ManageNewsTest"/>
      </group> <!-- Regression -->
    </groups>
    <test started-at="2026-08-25T20:34:54 IST" name="ChromeTest" finished-at="2026-08-25T20:38:59 IST" duration-ms="245271">
      <class name="testcase.LoginTest">
        <test-method is-config="true" signature="browserIntilization(java.lang.String)[pri:0, instance:testcase.LoginTest@619713e5]" started-at="2026-08-25T20:34:54 IST" name="browserIntilization" finished-at="2026-08-25T20:35:17 IST" duration-ms="22713" status="PASS">
          <params>
            <param index="0">
              <value>
                <![CDATA[Chrome]]>
              </value>
            </param>
          </params>
          <reporter-output>
          </reporter-output>
        </test-method> <!-- browserIntilization -->
        <test-method signature="verifyuserisabletoLoginWithValidCreditional()[pri:0, instance:testcase.LoginTest@619713e5]" started-at="2026-08-25T20:35:17 IST" name="verifyuserisabletoLoginWithValidCreditional" finished-at="2026-08-25T20:35:41 IST" duration-ms="23997" status="PASS">
          <reporter-output>
          </reporter-output>
        </test-method> <!-- verifyuserisabletoLoginWithValidCreditional -->
        <test-method is-config="true" signature="browserQuit(org.testng.ITestResult)[pri:0, instance:testcase.LoginTest@619713e5]" started-at="2026-08-25T20:35:41 IST" name="browserQuit" finished-at="2026-08-25T20:35:41 IST" duration-ms="15" status="PASS">
          <params>
            <param index="0">
              <value>
                <![CDATA[[TestResult name=verifyuserisabletoLoginWithValidCreditional status=SUCCESS method=LoginTest.verifyuserisabletoLoginWithValidCreditional()[pri:0, instance:testcase.LoginTest@619713e5] output={null}]]]>
              </value>
            </param>
          </params>
          <reporter-output>
          </reporter-output>
        </test-method> <!-- browserQuit -->
      </class> <!-- testcase.LoginTest -->
      <class name="testcase.ManageNewsTest">
        <test-method is-config="true" signature="browserIntilization(java.lang.String)[pri:0, instance:testcase.ManageNewsTest@1d9b7cce]" started-at="2026-08-25T20:35:41 IST" name="browserIntilization" finished-at="2026-08-25T20:35:54 IST" duration-ms="12823" status="PASS">
          <params>
            <param index="0">
              <value>
                <![CDATA[Chrome]]>
              </value>
            </param>
          </params>
          <reporter-output>
          </reporter-output>
        </test-method> <!-- browserIntilization -->
        <test-method signature="ManageNews()[pri:0, instance:testcase.ManageNewsTest@1d9b7cce]" started-at="2026-08-25T20:35:54 IST" name="ManageNews" finished-at="2026-08-25T20:36:06 IST" duration-ms="12040" status="PASS">
          <reporter-output>
          </reporter-output>
        </test-method> <!-- ManageNews -->
        <test-method is-config="true" signature="browserQuit(org.testng.ITestResult)[pri:0, instance:testcase.ManageNewsTest@1d9b7cce]" started-at="2026-08-25T20:36:06 IST" name="browserQuit" finished-at="2026-08-25T20:36:06 IST" duration-ms="2" status="PASS">
          <params>
            <param index="0">
              <value>
                <![CDATA[[TestResult name=ManageNews status=SUCCESS method=ManageNewsTest.ManageNews()[pri:0, instance:testcase.ManageNewsTest@1d9b7cce] output={null}]]]>
              </value>
            </param>
          </params>
          <reporter-output>
          </reporter-output>
        </test-method> <!-- browserQuit -->
      </class> <!-- testcase.ManageNewsTest -->
      <class name="testcase.CategoryTest">
        <test-method is-config="true" signature="browserIntilization(java.lang.String)[pri:0, instance:testcase.CategoryTest@14dd9eb7]" started-at="2026-08-25T20:36:06 IST" name="browserIntilization" finished-at="2026-08-25T20:36:23 IST" duration-ms="16944" status="PASS">
          <params>
            <param index="0">
              <value>
                <![CDATA[Chrome]]>
              </value>
            </param>
          </params>
          <reporter-output>
          </reporter-output>
        </test-method> <!-- browserIntilization -->
        <test-method signature="Category()[pri:0, instance:testcase.CategoryTest@14dd9eb7]" started-at="2026-08-25T20:36:23 IST" name="Category" finished-at="2026-08-25T20:37:46 IST" duration-ms="83901" status="FAIL">
          <exception class="org.openqa.selenium.NoSuchElementException">
            <message>
              <![CDATA[no such element: Unable to locate element: {"method":"xpath","selector":"//div[@class='alert alert-success alert-dismissible']"}
  (Session info: chrome=151.0.7922.174)
For documentation on this error, please visit: https://www.selenium.dev/documentation/webdriver/troubleshooting/errors#nosuchelementexception
Build info: version: '4.43.0', revision: 'dd0f534'
System info: os.name: 'Windows 11', os.arch: 'amd64', os.version: '10.0', java.version: '25.0.3'
Driver info: org.openqa.selenium.chrome.ChromeDriver
Command: [c4e17cd0290f23b97762ba8b4aa3bf5e, findElement {value=//div[@class='alert alert-success alert-dismissible'], using=xpath}]
Capabilities {acceptInsecureCerts: false, browserName: chrome, browserVersion: 151.0.7922.174, chrome: {chromedriverVersion: 151.0.7922.138 (41fa8244239..., userDataDir: C:\Users\LENOVO\AppData\Loc...}, fedcm:accounts: true, goog:chromeOptions: {debuggerAddress: localhost:53416}, goog:processID: 41864, networkConnectionEnabled: false, pageLoadStrategy: normal, platformName: windows, proxy: Proxy(), se:cdp: ws://localhost:53416/devtoo..., se:cdpVersion: 151.0.7922.174, setWindowRect: true, strictFileInteractability: false, timeouts: {implicit: 0, pageLoad: 300000, script: 30000}, unhandledPromptBehavior: dismiss and notify, webauthn:extension:credBlob: true, webauthn:extension:largeBlob: true, webauthn:extension:minPinLength: true, webauthn:extension:prf: true, webauthn:virtualAuthenticators: true}
Session ID: c4e17cd0290f23b97762ba8b4aa3bf5e]]>
            </message>
            <full-stacktrace>
              <![CDATA[org.openqa.selenium.NoSuchElementException: no such element: Unable to locate element: {"method":"xpath","selector":"//div[@class='alert alert-success alert-dismissible']"}
  (Session info: chrome=151.0.7922.174)
For documentation on this error, please visit: https://www.selenium.dev/documentation/webdriver/troubleshooting/errors#nosuchelementexception
Build info: version: '4.43.0', revision: 'dd0f534'
System info: os.name: 'Windows 11', os.arch: 'amd64', os.version: '10.0', java.version: '25.0.3'
Driver info: org.openqa.selenium.chrome.ChromeDriver
Command: [c4e17cd0290f23b97762ba8b4aa3bf5e, findElement {value=//div[@class='alert alert-success alert-dismissible'], using=xpath}]
Capabilities {acceptInsecureCerts: false, browserName: chrome, browserVersion: 151.0.7922.174, chrome: {chromedriverVersion: 151.0.7922.138 (41fa8244239..., userDataDir: C:\Users\LENOVO\AppData\Loc...}, fedcm:accounts: true, goog:chromeOptions: {debuggerAddress: localhost:53416}, goog:processID: 41864, networkConnectionEnabled: false, pageLoadStrategy: normal, platformName: windows, proxy: Proxy(), se:cdp: ws://localhost:53416/devtoo..., se:cdpVersion: 151.0.7922.174, setWindowRect: true, strictFileInteractability: false, timeouts: {implicit: 0, pageLoad: 300000, script: 30000}, unhandledPromptBehavior: dismiss and notify, webauthn:extension:credBlob: true, webauthn:extension:largeBlob: true, webauthn:extension:minPinLength: true, webauthn:extension:prf: true, webauthn:virtualAuthenticators: true}
Session ID: c4e17cd0290f23b97762ba8b4aa3bf5e
at org.openqa.selenium.remote.ErrorCodec.decode(ErrorCodec.java:169)
at org.openqa.selenium.remote.codec.w3c.W3CHttpResponseCodec.decode(W3CHttpResponseCodec.java:142)
at org.openqa.selenium.remote.codec.w3c.W3CHttpResponseCodec.decode(W3CHttpResponseCodec.java:49)
at org.openqa.selenium.remote.HttpCommandExecutor.execute(HttpCommandExecutor.java:223)
at org.openqa.selenium.remote.service.DriverCommandExecutor.invokeExecute(DriverCommandExecutor.java:216)
at org.openqa.selenium.remote.service.DriverCommandExecutor.execute(DriverCommandExecutor.java:174)
at org.openqa.selenium.remote.RemoteWebDriver.execute(RemoteWebDriver.java:606)
at org.openqa.selenium.remote.ElementLocation$ElementFinder$2.findElement(ElementLocation.java:166)
at org.openqa.selenium.remote.ElementLocation.findElement(ElementLocation.java:60)
at org.openqa.selenium.remote.RemoteWebDriver.findElement(RemoteWebDriver.java:429)
at org.openqa.selenium.remote.RemoteWebDriver.findElement(RemoteWebDriver.java:423)
at org.openqa.selenium.support.pagefactory.DefaultElementLocator.findElement(DefaultElementLocator.java:68)
at org.openqa.selenium.support.pagefactory.internal.LocatingElementHandler.invoke(LocatingElementHandler.java:38)
at jdk.proxy2/jdk.proxy2.$Proxy13.isDisplayed(Unknown Source)
at pages.CategoryPage.isalertDisplayed(CategoryPage.java:82)
at testcase.CategoryTest.Category(CategoryTest.java:42)
at java.base/jdk.internal.reflect.DirectMethodHandleAccessor.invoke(DirectMethodHandleAccessor.java:104)
at java.base/java.lang.reflect.Method.invoke(Method.java:565)
at org.testng.internal.invokers.MethodInvocationHelper.invokeMethod(MethodInvocationHelper.java:141)
at org.testng.internal.invokers.TestInvoker.invokeMethod(TestInvoker.java:686)
at org.testng.internal.invokers.TestInvoker.invokeTestMethod(TestInvoker.java:230)
at org.testng.internal.invokers.MethodRunner.runInSequence(MethodRunner.java:63)
at org.testng.internal.invokers.TestInvoker$MethodInvocationAgent.invoke(TestInvoker.java:992)
at org.testng.internal.invokers.TestInvoker.invokeTestMethods(TestInvoker.java:203)
at org.testng.internal.invokers.TestMethodWorker.invokeTestMethods(TestMethodWorker.java:154)
at org.testng.internal.invokers.TestMethodWorker.run(TestMethodWorker.java:134)
at java.base/java.util.ArrayList.forEach(ArrayList.java:1604)
at org.testng.TestRunner.privateRun(TestRunner.java:739)
at org.testng.TestRunner.run(TestRunner.java:614)
at org.testng.SuiteRunner.runTest(SuiteRunner.java:421)
at org.testng.SuiteRunner.runSequentially(SuiteRunner.java:413)
at org.testng.SuiteRunner.privateRun(SuiteRunner.java:373)
at org.testng.SuiteRunner.run(SuiteRunner.java:312)
at org.testng.SuiteRunnerWorker.runSuite(SuiteRunnerWorker.java:52)
at org.testng.SuiteRunnerWorker.run(SuiteRunnerWorker.java:95)
at org.testng.TestNG.runSuitesSequentially(TestNG.java:1274)
at org.testng.TestNG.runSuitesLocally(TestNG.java:1208)
at org.testng.TestNG.runSuites(TestNG.java:1112)
at org.testng.TestNG.run(TestNG.java:1079)
at org.testng.remote.AbstractRemoteTestNG.run(AbstractRemoteTestNG.java:115)
at org.testng.remote.RemoteTestNG.initAndRun(RemoteTestNG.java:293)
at org.testng.remote.RemoteTestNG.main(RemoteTestNG.java:91)
]]>
            </full-stacktrace>
          </exception> <!-- org.openqa.selenium.NoSuchElementException -->
          <reporter-output>
          </reporter-output>
        </test-method> <!-- Category -->
        <test-method is-config="true" signature="browserQuit(org.testng.ITestResult)[pri:0, instance:testcase.CategoryTest@14dd9eb7]" started-at="2026-08-25T20:37:46 IST" name="browserQuit" finished-at="2026-08-25T20:37:47 IST" duration-ms="365" status="PASS">
          <params>
            <param index="0">
              <value>
                <![CDATA[[TestResult name=Category status=FAILURE method=CategoryTest.Category()[pri:0, instance:testcase.CategoryTest@14dd9eb7] output={null}]]]>
              </value>
            </param>
          </params>
          <reporter-output>
          </reporter-output>
        </test-method> <!-- browserQuit -->
      </class> <!-- testcase.CategoryTest -->
      <class name="testcase.ManageLocationTest">
        <test-method is-config="true" signature="browserIntilization(java.lang.String)[pri:0, instance:testcase.ManageLocationTest@52e6fdee]" started-at="2026-08-25T20:37:47 IST" name="browserIntilization" finished-at="2026-08-25T20:37:59 IST" duration-ms="11875" status="PASS">
          <params>
            <param index="0">
              <value>
                <![CDATA[Chrome]]>
              </value>
            </param>
          </params>
          <reporter-output>
          </reporter-output>
        </test-method> <!-- browserIntilization -->
        <test-method signature="ManageLocation()[pri:0, instance:testcase.ManageLocationTest@52e6fdee]" started-at="2026-08-25T20:37:59 IST" name="ManageLocation" description="manage location" finished-at="2026-08-25T20:38:59 IST" duration-ms="60407" status="PASS">
          <reporter-output>
          </reporter-output>
        </test-method> <!-- ManageLocation -->
        <test-method is-config="true" signature="browserQuit(org.testng.ITestResult)[pri:0, instance:testcase.ManageLocationTest@52e6fdee]" started-at="2026-08-25T20:38:59 IST" name="browserQuit" finished-at="2026-08-25T20:38:59 IST" duration-ms="2" status="PASS">
          <params>
            <param index="0">
              <value>
                <![CDATA[[TestResult name=ManageLocation status=SUCCESS method=ManageLocationTest.ManageLocation()[pri:0, instance:testcase.ManageLocationTest@52e6fdee] output={null}]]]>
              </value>
            </param>
          </params>
          <reporter-output>
          </reporter-output>
        </test-method> <!-- browserQuit -->
      </class> <!-- testcase.ManageLocationTest -->
    </test> <!-- ChromeTest -->
  </suite> <!-- Grouping -->
</testng-results>
