<?xml version="1.0" encoding="UTF-8"?>
<!-- Generated by org.testng.reporters.JUnitReportReporter -->
<testsuite hostname="LAPTOP-U9962SE2" failures="0" tests="3" name="testcase.LoginTest" time="15.875" errors="0" timestamp="2026-08-22T19:34:03 IST" skipped="0">
  <testcase classname="testcase.LoginTest" name="verifyuserisabletoLoginWithValidCreditional" time="4.957"/>
  <testcase classname="testcase.LoginTest" name="verifyuserisabletoLoginWithInvalidusernameAndValidPassword" time="5.295"/>
  <testcase classname="testcase.LoginTest" name="verifyuserisabletoLoginWithValidUsernameAndInvalidPassword" time="5.623"/>
</testsuite> <!-- testcase.LoginTest -->
