<?xml version="1.0" encoding="UTF-8"?>
<!-- Generated by org.testng.reporters.JUnitReportReporter -->
<testsuite hostname="LAPTOP-U9962SE2" failures="0" tests="2" name="testcase.ManageLocationTest" time="30.663" errors="0" timestamp="2026-09-01T15:24:39 IST" skipped="0">
  <testcase classname="testcase.ManageLocationTest" name="ManageLocation" time="15.458"/>
  <testcase classname="testcase.ManageLocationTest" name="ManageLocation" time="15.205"/>
</testsuite> <!-- testcase.ManageLocationTest -->
